epoch,loss,sparse_categorical_accuracy,val_loss,val_sparse_categorical_accuracy
0,0.19353618254225233,0.9487046,0.0612836215271931,0.9804265
1,0.07789249632684267,0.97223777,0.06624851240545111,0.9819395
2,0.07596070638219422,0.9726641,0.06027563496305816,0.98208535
3,0.07526811169252083,0.97272575,0.05967772034996836,0.98234576
4,0.07464202877902168,0.97278553,0.056163938445335404,0.98198086
5,0.07420267910309844,0.97287804,0.05373163399471611,0.9818366
6,0.07387483305050163,0.9729248,0.05219545049510579,0.9821718
7,0.07359517915186371,0.97294414,0.05097473311614979,0.982184
8,0.07334825348312873,0.9729755,0.049470989562270085,0.9829121
9,0.07285682586528693,0.9730548,0.049304281129093,0.9827971
10,0.07239208607566446,0.9731067,0.04842148665331089,0.98286706
11,0.07209115801244374,0.97313553,0.047944675858592446,0.9823505
12,0.07185303031478202,0.9732044,0.04875452235279527,0.9829371
13,0.07164234756481486,0.97322553,0.04829229215491976,0.9820403
14,0.07147409061066984,0.9732037,0.048226835278799396,0.9833645
15,0.07133883513454643,0.97324735,0.048588996767716344,0.98279124
16,0.07136618276550162,0.97323847,0.04758998360176717,0.9827276
17,0.0712296391844948,0.9732387,0.0471171315922735,0.98368645
18,0.07108717264352694,0.9732294,0.04618269253879939,0.98361856
19,0.07094473493463249,0.9732203,0.047374918040715905,0.98292273
20,0.07077363331558005,0.9732358,0.048642653887582085,0.9823357
21,0.07064606452305812,0.97325826,0.04748845430397825,0.98262787
22,0.07054481187208839,0.97327805,0.046954386511868076,0.9832622
23,0.07038632229637812,0.97329897,0.046790281247449016,0.9828702
24,0.07030390298430175,0.97327715,0.04756266290015951,0.9829657
25,0.070184195534929,0.97332394,0.05025723043448188,0.98007274
26,0.07006885225213032,0.97331893,0.04743994977754232,0.98227787
27,0.06997946906498455,0.9733351,0.048368447351585596,0.9817831
