epoch,loss,sparse_categorical_accuracy,val_loss,val_sparse_categorical_accuracy
0,0.18302404035868688,0.95424086,0.3078123067754197,0.8698322
1,0.054416636820586665,0.9844363,0.27938859868469695,0.87373596
2,0.05294008942788944,0.9845841,0.2850536598019913,0.8738098
3,0.0523176138787033,0.98471254,0.26090097686073327,0.8767341
4,0.05175191689325282,0.984842,0.26283777508040995,0.87631524
5,0.05141728879496836,0.98489344,0.2520184038686404,0.87743825
6,0.051132444466023975,0.98495424,0.27008067918633205,0.87497145
7,0.05103263705107749,0.98494637,0.249704398640656,0.87897086
8,0.05102505882569372,0.98498124,0.2644290052159026,0.8758729
9,0.050883508394837844,0.9850057,0.24271105805537604,0.885098
10,0.05072949684894261,0.98504454,0.24431609067478352,0.8830198
11,0.05066695759225215,0.98505175,0.249699794072986,0.88009053
12,0.05052601576132419,0.9850593,0.255229417300296,0.8787056
13,0.05041134188884008,0.9850967,0.25831129054527296,0.87716633
14,0.05034226681511753,0.9851453,0.25511310602084836,0.877758
15,0.05027907577925709,0.9851525,0.24985264197510612,0.8819203
16,0.05030079808069366,0.9851665,0.26518789178371227,0.8760265
17,0.05023495352043704,0.9851726,0.26718444710490935,0.8765032
18,0.05013414525442392,0.98518306,0.24235777282182064,0.88675904
19,0.050068368286176765,0.9851902,0.25322371401088045,0.8784547
