epoch,loss,sparse_categorical_accuracy,val_loss,val_sparse_categorical_accuracy
0,0.28020901800354125,0.920938,0.3886574924823068,0.8188734
1,0.15712931324510118,0.94373035,0.3663224224482137,0.8429188
2,0.15284361565101076,0.9438426,0.35196499758279176,0.8465893
3,0.1513319916074138,0.943737,0.34039596190119803,0.84771734
4,0.14964908570093444,0.94383126,0.356615030188224,0.84982455
5,0.14842815862300282,0.9440033,0.32128104664880747,0.8666388
6,0.147613509903805,0.94403845,0.33645984468811246,0.84992677
7,0.1470069354074305,0.9440617,0.3304160911303926,0.849338
8,0.14746415205275984,0.94383657,0.34544842093346384,0.8573051
9,0.14686508722964559,0.94388974,0.3251018406753382,0.86486316
10,0.14643943642038534,0.9440019,0.336546960504021,0.85236865
11,0.14605196535022708,0.9440219,0.3426793930181769,0.8525283
12,0.14570950282112238,0.9441069,0.3331636575730524,0.8461137
13,0.14550058273164693,0.9440816,0.3166929014279648,0.8685663
14,0.1451998286382651,0.9441095,0.30488059076128093,0.86753124
15,0.14509734221253273,0.9441334,0.32184820307394485,0.86511415
16,0.14571667538593475,0.9439435,0.34484708040345885,0.85740274
17,0.14539101674142857,0.9440099,0.3045481420909827,0.8698662
18,0.1451180058059183,0.9440737,0.3200873041878341,0.8524353
19,0.14491480174816734,0.94408625,0.3154201132009853,0.8637073
20,0.14487446978444776,0.94407296,0.3063761246331795,0.86891484
21,0.14457401874832537,0.94414204,0.31433656133858295,0.86407137
22,0.14441751149810889,0.9441573,0.32160117732962157,0.8678256
23,0.1442567266034016,0.9440949,0.31223786779603246,0.868856
24,0.1441474755170709,0.9441301,0.3022924373762821,0.8679945
25,0.14403083579780912,0.94419783,0.3275350056731298,0.85741204
26,0.14395990157876504,0.94417924,0.3029227586137523,0.8687398
27,0.14387002275951935,0.944154,0.3098833839776821,0.866112
28,0.1444303272508846,0.9440458,0.3213063311821683,0.86620957
29,0.14422067359788776,0.9441069,0.3088249279626394,0.86758083
30,0.14406095053451018,0.9441726,0.32404510346396564,0.8624383
31,0.14389261411510298,0.94420844,0.30284310783658386,0.8687925
32,0.14378932158563362,0.9441726,0.3287226946597988,0.86453
33,0.1436866661024182,0.9442775,0.31304291108576077,0.86630875
34,0.14364755113393696,0.9441779,0.3325023387370652,0.8599298
