epoch,loss,sparse_categorical_accuracy,val_loss,val_sparse_categorical_accuracy
0,0.10256238089688277,0.96604544,0.02610334668425004,0.99528044
1,0.039233780426752504,0.9866574,0.024475988775260343,0.99529237
2,0.038693292773182446,0.986726,0.02250577196870574,0.99535483
3,0.038336050728008934,0.9867579,0.022168313160443875,0.99525714
4,0.0378963617656795,0.986801,0.021439699854383612,0.99525356
5,0.037622666533391476,0.9868303,0.021577012478978228,0.9952817
6,0.03734527829710311,0.9868486,0.021144213365783385,0.9952901
7,0.03718732138565174,0.9868552,0.020885980218538727,0.9952613
8,0.03707119595717133,0.98685247,0.02297952964863199,0.99500835
9,0.03687738298149471,0.9868652,0.02127394382604117,0.9951591
10,0.03660040402693693,0.98689085,0.020246087183043347,0.99522734
11,0.03642060809933272,0.98693466,0.021015350726105275,0.99514484
12,0.036320357315305536,0.9869592,0.02029444553151755,0.9951471
13,0.03624739571486763,0.9869699,0.022306531068616978,0.99473304
14,0.03619509051286749,0.9869682,0.0223473866123897,0.99482197
15,0.03614232307326295,0.9869847,0.021058370600067083,0.9949352
16,0.03616018092998375,0.98696434,0.02293998928444171,0.99465054
17,0.0360999402125368,0.98697907,0.02070376405906807,0.9951035
18,0.0360517684436552,0.98697823,0.02318282690851257,0.99478835
19,0.036005257835737096,0.98698056,0.0219252625855061,0.9948618
20,0.03595003988923992,0.9869968,0.022573404601520103,0.99487084
