epoch,loss,sparse_categorical_accuracy,val_loss,val_sparse_categorical_accuracy
0,0.3263599988412666,0.894781,0.4156642160291477,0.8239508
1,0.1609504299335016,0.9435836,0.38951241375576273,0.8438252
2,0.15492541002762134,0.94391096,0.36885151686839207,0.8556085
3,0.15292916009774368,0.94381535,0.3569217043135063,0.86339587
4,0.15097860058352075,0.9438983,0.34024560733963655,0.85561776
5,0.14973104423299988,0.94393355,0.33903972432493373,0.8670912
6,0.14878226688392673,0.9440325,0.34380294721489435,0.8677094
7,0.14821758135709978,0.9440059,0.3316798727031463,0.8654845
8,0.1486597088147619,0.9438492,0.31743034966134415,0.8689257
9,0.1478828784139374,0.9439594,0.3430297345282111,0.86656904
10,0.14720572007017713,0.9440962,0.3356384710566489,0.8642527
11,0.14654588958004147,0.94406635,0.3085254950136114,0.86928517
12,0.14600307711669488,0.944152,0.34029120630924664,0.85870266
13,0.14554879606362617,0.9441905,0.320522009629715,0.8678163
14,0.1453832549158272,0.94416064,0.31383163897093025,0.8667519
15,0.14509888943032492,0.9442722,0.3140201753712162,0.8683865
16,0.145708465265314,0.9440617,0.3415296255121142,0.8645037
17,0.14524739720745988,0.94417727,0.32834250029134043,0.8679852
18,0.14504835327318633,0.9442038,0.32657492011016637,0.86671007
19,0.14470811088202434,0.9442649,0.3224496464996654,0.863574
20,0.1446736641608039,0.9443645,0.32984524860228825,0.864169
21,0.14435639871714379,0.94437975,0.29807565663862273,0.87000257
22,0.1440702452546932,0.9444289,0.3172771232500637,0.8594898
23,0.14394569541299532,0.94444156,0.30425745282081323,0.86623436
24,0.14384722273171352,0.94450796,0.32512250969574175,0.85734695
25,0.14361248530825443,0.94450796,0.311276582723992,0.8654442
26,0.14353698768813233,0.94456106,0.32753086136181614,0.8588592
27,0.14344387405616987,0.9446142,0.3353374896588605,0.8555977
28,0.14415720034671098,0.9445272,0.30355787954840363,0.86980575
29,0.14381814462539133,0.9444442,0.3210294410236649,0.8581681
30,0.1436160402993897,0.9445697,0.30016421663777026,0.8654163
31,0.1434623369138113,0.944494,0.2966414174396243,0.8696679
32,0.1433637389070299,0.94453716,0.314601398441124,0.86397225
33,0.14320155865623702,0.9445106,0.32313795149674457,0.85663575
34,0.14313785043103108,0.9445478,0.321276293299191,0.86216563
35,0.14276510670938614,0.94465935,0.3137241804646742,0.8626568
36,0.14256788260163614,0.9448114,0.3255761812994263,0.8630023
37,0.142409656062982,0.9448645,0.3038707347930933,0.86388856
38,0.14218830620181513,0.9449615,0.32652759733646974,0.85993445
39,0.1421862287716078,0.944992,0.31832046044525253,0.8582611
40,0.14204242442547152,0.9450066,0.3237164172784019,0.8539506
41,0.14200475457187892,0.94501394,0.3163951680453333,0.8594309
