epoch,loss,sparse_categorical_accuracy,val_loss,val_sparse_categorical_accuracy
0,0.2583091065966794,0.92276657,0.39358005201835744,0.86293167
1,0.14468623675148792,0.94821054,0.37632586355163444,0.863868
2,0.14137254128181706,0.9485714,0.36284373113460644,0.864094
3,0.14026970001578604,0.9484287,0.3990513683380975,0.8236469
4,0.1390781607568732,0.94870335,0.3430705813489981,0.86431015
5,0.13848689146055965,0.94880074,0.3568881077714415,0.86438465
6,0.13794724406145997,0.94883215,0.3512247658813287,0.86442935
7,0.1377003744611467,0.9488827,0.34442656575932334,0.8644939
8,0.13778205014921807,0.948714,0.3439993566546682,0.8608963
9,0.13755486430121142,0.9487901,0.34412580356416367,0.8627392
10,0.13718403770767812,0.9488332,0.35717806951359726,0.8536724
11,0.13693436220964086,0.94883,0.3377815963101738,0.8644852
12,0.136701552623949,0.94884014,0.33041278046942646,0.8643623
13,0.13641706892289085,0.9489168,0.34491810208016854,0.8527882
14,0.1362889713516328,0.94887847,0.3495800257322176,0.86353767
15,0.1361199592949062,0.94892526,0.3255583102330909,0.8640556
16,0.13637259648855815,0.9487938,0.3423293337440277,0.8643536
17,0.13615668211047488,0.94877625,0.32712762839301646,0.86429024
18,0.1360078699845551,0.9487225,0.3437469701693196,0.8333569
19,0.13585670904558517,0.9486746,0.3301695768193341,0.86442065
20,0.1355027374470325,0.9488838,0.3185439238530834,0.8643362
21,0.13543222897811122,0.9488018,0.32952666845844153,0.8644902
22,0.1352457807764066,0.9488348,0.33081238433698545,0.8643511
23,0.13500185412222312,0.94880927,0.3501427172869858,0.8593328
24,0.13491874049099545,0.94879544,0.3605282007641984,0.83583194
25,0.13477426311341736,0.94883907,0.33182693254760715,0.8643511
26,0.134537611108963,0.94889706,0.33611019939310616,0.8645349
27,0.13444668783069072,0.9488747,0.3208434806416882,0.864217
28,0.13479278707317247,0.9487257,0.34859556944999665,0.86447656
29,0.134667146728753,0.94875926,0.335547202274969,0.84263605
30,0.13460176804078172,0.94871664,0.32028508038063,0.864294
