epoch,loss,sparse_categorical_accuracy,val_loss,val_sparse_categorical_accuracy
0,0.1262791296699371,0.95889527,0.04000618673577571,0.98920494
1,0.05694898369530354,0.9809389,0.0376267735801549,0.9898444
2,0.056437903228770486,0.9809625,0.03994819543865368,0.9894569
3,0.05622785252221752,0.9809707,0.04088351785793383,0.98957676
4,0.055847968939990424,0.9809879,0.04051659717900126,0.98906124
5,0.05547912379853438,0.98106235,0.039278610582093476,0.98944944
6,0.0551721560102989,0.9810901,0.042120182436355944,0.9885007
7,0.05490342613206074,0.98113066,0.04115246166446191,0.98801464
8,0.05483164319776389,0.9811597,0.03590442583437589,0.9897751
9,0.054571478554083085,0.9812367,0.03925202962101772,0.9890144
10,0.05432565073960742,0.9812838,0.03575922149635068,0.98942524
11,0.0541230293503941,0.9813511,0.038268194334956845,0.98899984
12,0.05395211689057832,0.9814128,0.035129017771550135,0.9896557
13,0.05381245667859902,0.9814336,0.03337605493854707,0.98976916
14,0.05370736888426054,0.98146033,0.037743990786261866,0.9892176
15,0.0536554914397183,0.98146117,0.033585559909279736,0.9898183
16,0.053973742949400466,0.98142827,0.033836209626645956,0.9897781
17,0.05383007478620705,0.9814332,0.0449391652862821,0.9829856
18,0.05382166280334083,0.98148364,0.04494694864332739,0.98283935
19,0.05375828902604819,0.98147935,0.04218502996778127,0.9860606
20,0.05362285973610968,0.9815184,0.03367760824107033,0.9896817
21,0.05356510045656405,0.98154235,0.03799352227563905,0.98922133
22,0.05347121441733955,0.98160136,0.03633667986488493,0.98973566
23,0.05343169350091684,0.98161554,0.04189416551453418,0.98562557
