epoch,loss,sparse_categorical_accuracy,val_loss,val_sparse_categorical_accuracy
0,0.14829195483620414,0.9463873,0.006909746281808818,0.9988817
1,0.03826742413422231,0.9898821,0.005406647389604044,0.99901474
2,0.03673292042455359,0.9899992,0.005148273178491201,0.9990169
3,0.03580713886974876,0.99001265,0.005035614440265695,0.99901474
4,0.03496476323275534,0.99003136,0.00497105472874831,0.9990169
5,0.03454723151443853,0.99007213,0.004778867437821528,0.9990204
6,0.0343089798223012,0.9900816,0.0046512093402357214,0.9990254
7,0.034162126838926124,0.99010277,0.004573745527085303,0.9990354
8,0.034113308885189084,0.9901058,0.004758151720964843,0.9990333
9,0.033976134304925666,0.9900896,0.004658334295074687,0.999034
10,0.033770330007969175,0.9900942,0.004742576409394501,0.9990354
11,0.03364230814257284,0.9900994,0.0044065525047516,0.9990497
12,0.03351135013606972,0.99010706,0.004949250526963869,0.9990483
13,0.03339155441990538,0.990111,0.004627815717513358,0.9990526
14,0.03333458798969398,0.9901153,0.004488857787148208,0.9990497
15,0.03325829806009859,0.9901227,0.004617816040026312,0.9990483
16,0.03324601184922015,0.9901193,0.004635673539941336,0.999059
17,0.03316117488683199,0.99012727,0.00454116833303801,0.999044
18,0.033070920777009974,0.990138,0.004781522249653653,0.99904615
19,0.03299767527749102,0.99014014,0.004641948795572027,0.99906045
20,0.03293579177147035,0.99014443,0.004423409850416037,0.99904543
21,0.03287915801996921,0.9901417,0.004609895359440145,0.9990426
