epoch,loss,sparse_categorical_accuracy,val_loss,val_sparse_categorical_accuracy
0,0.23653144469271759,0.92070186,0.08644192039477935,0.9758981
1,0.18490389790423697,0.9367325,0.08320294288493707,0.9754425
2,0.18308259979542224,0.93731487,0.0826822678034939,0.9767905
3,0.1825769411518472,0.9370614,0.08555284085602037,0.9736547
4,0.18181426997498498,0.9372645,0.0828821342449744,0.9750057
5,0.18138649193616413,0.9374935,0.08189729670061767,0.9769383
6,0.18113284541970737,0.9375758,0.08098034532734438,0.97716427
7,0.18090602013513477,0.93762827,0.08369197648420347,0.9739982
8,0.1810986360149355,0.9373912,0.08282557743620039,0.97456586
9,0.18080299220240553,0.9374395,0.08334949593002244,0.9763731
10,0.18050133114172334,0.9374935,0.08074297578184432,0.97737694
11,0.1802504313922025,0.937581,0.08276103588235612,0.9776556
12,0.18001430823844386,0.9376166,0.08152908377704957,0.9775332
13,0.17981905711333826,0.93763554,0.08248154523493814,0.9752862
14,0.17966790964684567,0.93770456,0.08040910068963543,0.9774672
15,0.17956616178983656,0.9377129,0.08128936731776397,0.9771104
16,0.1798272499926229,0.93752205,0.0820830674792971,0.9723213
17,0.17964660316646144,0.9375135,0.08150182988038757,0.9772594
18,0.17953808621396808,0.93761814,0.08391900702096136,0.9724406
19,0.1793888131851258,0.9375613,0.08694650014471152,0.97270656
20,0.17920948690257693,0.93761945,0.07921979499264076,0.9774181
21,0.1790666700247151,0.93766433,0.08268769356738288,0.97617316
22,0.17890134969254284,0.9376358,0.08222786843724848,0.9772091
23,0.17874618460561223,0.9376501,0.08102155144977909,0.97678864
24,0.1786248436394467,0.93768746,0.08041269072412886,0.9769086
25,0.17854289679528418,0.93776065,0.08133262610958453,0.97720975
26,0.17842183760610533,0.9377682,0.08116337673390647,0.9772582
27,0.17835511697698822,0.93782425,0.08128943420261978,0.9773418
28,0.17866647770240449,0.93766177,0.08135852301349612,0.97723275
29,0.17854729695426216,0.9377134,0.08036063594499349,0.9765942
30,0.17843496918941715,0.9377731,0.08459766346125319,0.9764003
