epoch,loss,sparse_categorical_accuracy,val_loss,val_sparse_categorical_accuracy
0,0.165023027004658,0.9556126,0.045136722589336244,0.9863885
1,0.06853297667410398,0.9760783,0.04157304927347534,0.9868209
2,0.06693920622735794,0.97633255,0.03910024833664609,0.98697174
3,0.06620655048128357,0.97636104,0.037198439923104225,0.9869364
4,0.06555588654432498,0.9765794,0.036195645670945235,0.9869956
5,0.06508158336404188,0.9766704,0.037558422113089386,0.98725253
6,0.06474265375927084,0.97672945,0.03562681063022211,0.9872323
7,0.06452863876229163,0.9767545,0.037693833699582666,0.9870309
8,0.06442248163415541,0.9767242,0.03580698473622622,0.9872107
9,0.06420650581509206,0.97671396,0.035433864537790426,0.9877058
10,0.06403310675400842,0.9767338,0.03829243913307452,0.9873406
11,0.06388564865373593,0.97678083,0.035477615982778925,0.9878329
12,0.0637968076448646,0.9767567,0.03519446536568154,0.98789567
13,0.06368809096944306,0.97682595,0.0352817414267981,0.98774195
14,0.06357089583009316,0.97684515,0.03777379623255974,0.9873716
15,0.06351666750779764,0.97681516,0.034725699039147316,0.98786896
16,0.06350016130426438,0.9768427,0.03694353696839707,0.9876784
17,0.06341054714703932,0.97686774,0.03691850324181561,0.98787767
18,0.06332717775947441,0.9768699,0.034846206817878936,0.9877535
19,0.0632292176663588,0.9768922,0.03496682475296336,0.9878098
20,0.06315612037554919,0.976903,0.03621563579638054,0.987407
21,0.06310328048795533,0.9768851,0.03892351579836258,0.984877
22,0.0630193861830604,0.9768947,0.037663055935114265,0.98668665
