epoch,loss,sparse_categorical_accuracy,val_loss,val_sparse_categorical_accuracy
0,0.10845339805842551,0.96945524,0.016563541027280984,0.9954526
1,0.008219692436575554,0.9968284,0.016403974465526754,0.99531484
2,0.008033235450122982,0.996868,0.01600655853911125,0.9955197
3,0.008004242696106266,0.9968665,0.015711580214978562,0.99554837
4,0.007936433502069181,0.99689823,0.015347963697764457,0.99558395
5,0.007885914175918373,0.99692947,0.015301998777852018,0.995526
6,0.007848360187608669,0.9969447,0.014782243406910693,0.9955444
7,0.007839389002400096,0.99692845,0.014621557161831614,0.9955363
8,0.007837196284232746,0.99694765,0.014262856975860024,0.9956276
9,0.007813418619500176,0.9969496,0.013846915864452955,0.9955289
10,0.007782024887929885,0.9969644,0.014077687672512088,0.99554664
11,0.007762061935415108,0.9969718,0.013687325686435608,0.9955059
12,0.007746391985140786,0.99697715,0.013958501656038907,0.9955369
13,0.007740817391242314,0.9969843,0.013811519853593163,0.99546516
14,0.007729230149864406,0.99697053,0.013750089559850055,0.9955329
15,0.007712600855615815,0.9970089,0.01396534229062167,0.99548584
16,0.007718272124478855,0.99698186,0.014033028963071107,0.9954876
17,0.0077084220526373705,0.9969858,0.014134861309483134,0.99547094
18,0.007705102405775504,0.9969909,0.014011793458005206,0.9953619
