epoch,loss,sparse_categorical_accuracy,val_loss,val_sparse_categorical_accuracy
0,0.2704995935593808,0.9022251,0.12966315816313975,0.9597896
1,0.21165906826911957,0.9247534,0.11749662004170366,0.9645241
2,0.20984828023266938,0.92504704,0.11702161767858323,0.9653755
3,0.20920731465901593,0.92489344,0.11465605362093112,0.9655429
4,0.20823762781791866,0.9252558,0.11691899681566698,0.96517205
5,0.20773492742510918,0.9254036,0.11772937812551679,0.9652116
6,0.20743997920981078,0.92554533,0.11279391780534406,0.9645317
7,0.20726802851154177,0.92556155,0.11306018649885696,0.9658194
8,0.2075434865206871,0.9253579,0.11305837500854614,0.9653507
9,0.20735614989619114,0.9254817,0.11202490330425967,0.96579057
10,0.20723997889136103,0.92546046,0.11154606076219317,0.96577406
11,0.20711041931444216,0.9256085,0.11687084749778438,0.96587366
12,0.20697833749815886,0.9256424,0.11156670181235175,0.96589786
13,0.20683366435616016,0.92577505,0.11197176394279773,0.9658212
14,0.20677917208735902,0.9258074,0.11451155946172793,0.9657882
15,0.20671198033201985,0.92579144,0.11314192086137911,0.9654238
16,0.2070005792697764,0.9256181,0.11365011394728446,0.9653696
17,0.20690589694218756,0.9256138,0.11672138108317452,0.96488726
18,0.2068310696434291,0.9256376,0.11321568756846338,0.96536607
19,0.20678475044089395,0.9256778,0.1120734020464703,0.9657894
20,0.20670632623071972,0.9257207,0.11297404149792796,0.96574986
