epoch,loss,sparse_categorical_accuracy,val_loss,val_sparse_categorical_accuracy
0,0.1156450666863463,0.96912944,0.026929904381075384,0.99220437
1,0.05130067833718122,0.98275304,0.024497327329467737,0.9923176
2,0.05017248314824343,0.98288125,0.024114943316795943,0.9923914
3,0.04921713515427822,0.98294514,0.02529708835278721,0.99200475
4,0.048054717867390025,0.98304504,0.02199155881028546,0.99244696
5,0.04719693958771378,0.9830863,0.02213946955663798,0.99250406
6,0.0466304910752088,0.9831018,0.02357594915831885,0.99218285
7,0.04624490799745326,0.98315465,0.021590112486207992,0.9924404
8,0.046101197382027365,0.9831736,0.027041198872828808,0.9918227
9,0.045654192785178425,0.9832324,0.02115835337835,0.99275595
10,0.04528384930440375,0.9833026,0.020499629470925592,0.9919757
11,0.04495722818514064,0.9833655,0.021472830243395732,0.99256504
12,0.044677650769395685,0.98341,0.02044639741773404,0.99188966
13,0.04443164396928368,0.98343563,0.02234113294927279,0.9921697
14,0.044183057711138056,0.9834867,0.022656437188440605,0.9914283
15,0.044002350785913164,0.9835135,0.021656152117071184,0.9917558
16,0.04402349674352105,0.98350745,0.021360985009217095,0.9925578
17,0.04384178489468231,0.98353285,0.021382238932529107,0.9923962
18,0.043660358101427335,0.98356205,0.021729187383409142,0.9931758
19,0.04350726467237589,0.9835838,0.023606906866232843,0.9924055
20,0.04338067740285667,0.98365563,0.02102152113081535,0.9929612
