epoch,loss,sparse_categorical_accuracy,val_loss,val_sparse_categorical_accuracy
0,0.3480594573562737,0.85332173,0.23748469067136396,0.8848307
1,0.11236957959936374,0.94416654,0.16074073152510535,0.8856718
2,0.09783786426976473,0.94539595,0.12442547226470321,0.93537664
3,0.0950953136594134,0.9457422,0.11811680443173644,0.9491043
4,0.0941670761734572,0.9464764,0.10959232027732435,0.95968014
5,0.09364253490957668,0.94688904,0.10815520175241125,0.9605168
6,0.09329108418932142,0.947038,0.10520812131963095,0.9609993
7,0.09303905317076508,0.947389,0.10634550032025794,0.9602379
8,0.09302639388479968,0.9470731,0.10613967731353953,0.9605389
9,0.09277830952063179,0.9469223,0.09960493302616608,0.9609617
10,0.09251931839575822,0.9475019,0.10886631415933436,0.95755965
11,0.09248366478999201,0.9472296,0.10196802629074002,0.9608909
12,0.09239176043705216,0.947407,0.10502164122662876,0.96000993
13,0.09238235360474477,0.94729984,0.10034411981529202,0.9607957
14,0.09218202850795647,0.94744873,0.10330778479207176,0.96039724
15,0.09216087820411463,0.94763184,0.10422869714441911,0.95991474
16,0.09220264229511994,0.947462,0.10092991590970948,0.9607138
17,0.09210208200553312,0.9476148,0.10256867102071124,0.960457
18,0.09205238444378333,0.94786805,0.10157144471873453,0.9608377
19,0.09197340704062597,0.94785285,0.10415628265009777,0.95987046
