epoch,loss,sparse_categorical_accuracy,val_loss,val_sparse_categorical_accuracy
0,0.2886897487740908,0.9178714,0.24084513032971702,0.913895
1,0.1380850506923694,0.9502764,0.23815337677375126,0.8957594
2,0.13366672904645613,0.9505733,0.2423036275428264,0.89474744
3,0.13221604704054915,0.95038104,0.23103476491230565,0.89937353
4,0.1305188721539012,0.950584,0.23072645227652447,0.9101878
5,0.12935790896965063,0.9507492,0.22332077597840214,0.90224993
6,0.12850300398516493,0.95093155,0.21419283679898038,0.9091758
7,0.12798735875413222,0.9508952,0.23088945459579413,0.9097308
8,0.12861380083074891,0.9508098,0.22329407006250362,0.9107212
9,0.12803169459518846,0.9508795,0.21201536011368646,0.91701895
10,0.12766327060609373,0.9509244,0.21516085571415064,0.9093619
11,0.1272202597114487,0.95094436,0.22568045191748773,0.9128099
12,0.12679389958395446,0.95086247,0.2320962559803036,0.9134895
13,0.12651283765465254,0.95102906,0.2148862168163893,0.90848786
14,0.126292417407206,0.95105827,0.24646241320826387,0.90406615
15,0.12614791042085102,0.95106256,0.2098396179481478,0.9149319
16,0.12663090160957324,0.95100063,0.20552278987780595,0.9146743
17,0.1263108246009911,0.95107895,0.2106950065125496,0.9175291
18,0.12609130203293023,0.951044,0.23084978841793474,0.91625625
19,0.12595019862459295,0.9511658,0.22811234261816285,0.91351116
20,0.1258191990457222,0.9511309,0.23458568582537062,0.9077368
21,0.12569367012317656,0.9509956,0.21882875208138594,0.909553
22,0.12547959104320613,0.95127124,0.21273630884023498,0.9084031
23,0.12537360228816696,0.9512007,0.20871908860579017,0.90853274
24,0.1251332707489322,0.9513182,0.2157514770508624,0.9030209
25,0.12505768354535296,0.9512078,0.21078674045100904,0.9174493
26,0.12493759180064465,0.95126694,0.21341249679753804,0.9032702
