epoch,loss,sparse_categorical_accuracy,val_loss,val_sparse_categorical_accuracy
0,0.34652471571194476,0.88249016,0.20055561135357367,0.95208234
1,0.19157143663099993,0.93354577,0.16069023303749325,0.9552431
2,0.17595832461182462,0.9387976,0.18095552240185225,0.94265246
3,0.1721709503782383,0.93850833,0.1603094241776514,0.95241886
4,0.16646837513558244,0.94083995,0.15700570703875813,0.9536306
5,0.163040107755687,0.94245297,0.15798512337172485,0.9535431
6,0.16142286226471833,0.94279224,0.15917995608958213,0.9544048
7,0.1602861887412247,0.9430774,0.15866710164754605,0.95426863
8,0.15984345135103004,0.9431415,0.1565135715609794,0.9536501
9,0.15901788109832718,0.9431599,0.1586048343435682,0.95384073
10,0.1581918887395233,0.94327825,0.1586506557189515,0.9525258
11,0.15776726672570981,0.94331414,0.16342926910569064,0.9515105
12,0.15730993945954425,0.9434108,0.15758162163256645,0.95329994
13,0.15696494034832573,0.9433841,0.16094570502204836,0.9521621
14,0.1566371307916618,0.94340247,0.15561906725062377,0.9550836
15,0.1562575480101397,0.9435742,0.15700794735272788,0.95500386
16,0.15627369826917992,0.94341,0.16212273177063288,0.95327276
17,0.1560114150344262,0.9434925,0.15958080308914305,0.9542745
18,0.15570218203896652,0.94354504,0.1624611170312222,0.9532786
19,0.15558734121723475,0.94350165,0.16206409635175786,0.95281565
20,0.15528789914961263,0.9436317,0.16518754667204422,0.95012945
21,0.15537815310198133,0.9434408,0.15871158079846753,0.95477045
22,0.15506957579978636,0.94365424,0.1637401454801911,0.95331746
23,0.1549311870746046,0.94361,0.16284027635639425,0.95406634
24,0.15483370178433897,0.94362503,0.160757612690485,0.9538485
