epoch,loss,sparse_categorical_accuracy,val_loss,val_sparse_categorical_accuracy
0,0.16394918137178935,0.96019787,0.12963161035158907,0.95667887
1,0.11069864828816094,0.9720144,0.12598858747729744,0.9567547
2,0.10947135230969074,0.972087,0.12576704537091957,0.9566077
3,0.10880629565204157,0.9721842,0.1262634054770129,0.95620537
4,0.10784462948347305,0.9722316,0.13978128717924868,0.9537506
5,0.10718886006225956,0.9722873,0.12781869058195885,0.95499074
6,0.10677295192212406,0.97239673,0.13307099086143387,0.9536106
7,0.10655849155090794,0.9724256,0.13141715126857959,0.956036
8,0.10664918923873679,0.9724266,0.1216093201656941,0.9571013
9,0.1062927402743935,0.97251475,0.13159387069342726,0.95635545
10,0.10614318131357833,0.9725168,0.12314903197353436,0.9559911
11,0.10583224014559314,0.9725837,0.12214304336134751,0.95551145
12,0.10558222420432356,0.97265667,0.12736982064144198,0.9558472
13,0.10543489013186355,0.97267854,0.12411610931504388,0.9555865
14,0.10526736126318073,0.97272927,0.11644598784275993,0.95629746
15,0.1052011432828913,0.9727409,0.11843870566264934,0.9556569
16,0.10530739409252325,0.972723,0.13060522666343752,0.95270926
17,0.1051941202646037,0.9727369,0.12715611140237928,0.95367324
18,0.10504630587459929,0.9727419,0.1225571361976085,0.9544028
19,0.10487653804253952,0.972782,0.12393768242254036,0.9555996
20,0.10474753636875973,0.97277206,0.11414365005267597,0.9554789
21,0.10459413735722287,0.97281516,0.11775005544423596,0.955072
22,0.10444945638930532,0.97281253,0.11912118516980373,0.95605683
23,0.10433132875810008,0.97283936,0.12408372820107548,0.9540175
24,0.10418780609562067,0.9728682,0.1278399229677633,0.9535386
25,0.10410975651020173,0.9728712,0.12019039595372577,0.95520276
26,0.10403698821317484,0.97289276,0.12782771391076936,0.9539162
27,0.10397472061515396,0.9729229,0.13044358704489414,0.95380247
28,0.10415918199695479,0.9728377,0.13225463708924443,0.9541823
29,0.10402161877313136,0.9728546,0.1323342486702871,0.95371115
30,0.10398587257466632,0.9728695,0.11519826577586506,0.9536632
