epoch,loss,sparse_categorical_accuracy,val_loss,val_sparse_categorical_accuracy
0,0.3358837190630387,0.8833156,0.157830925777325,0.92465425
1,0.1160896493136717,0.93877405,0.1011255285267839,0.9282122
2,0.1028546623456523,0.9404295,0.08770460020576885,0.95418817
3,0.10080816656265819,0.9401624,0.07797935594595422,0.96987724
4,0.10007440824027114,0.94073385,0.07772175498700391,0.9698566
5,0.09963979010182683,0.9412729,0.07600557361148182,0.9704867
6,0.09946036721613175,0.9413161,0.07694422279760271,0.9703309
7,0.09920241861324254,0.94207907,0.07619334095735351,0.97027594
8,0.09921811198314333,0.9417187,0.0790637717370939,0.9681361
9,0.09921135729954128,0.9415056,0.0750276312796301,0.9699781
10,0.0989669556162142,0.9422843,0.07631799267662766,0.9699918
11,0.0988967151453974,0.94217724,0.07998693944172296,0.9663307
12,0.09877307745444809,0.9424031,0.07710938546526029,0.9693732
13,0.09871038199143808,0.94272417,0.07672316802552999,0.96949464
14,0.09863467667543946,0.9426819,0.07497768972218725,0.9700789
15,0.09849770896268097,0.94303244,0.07956963865033727,0.96622306
16,0.0986461923410035,0.94243056,0.07948337915187602,0.9660168
17,0.09851886529062777,0.94273,0.07459876471599419,0.9701247
18,0.09858329229810286,0.9423579,0.07926928923518076,0.9661383
19,0.09856194718340523,0.9423903,0.08228150877759462,0.9604175
20,0.09855866229717261,0.942299,0.07645193750965526,0.9693962
21,0.09829021855092362,0.94310313,0.08291655415921917,0.9603213
22,0.09835648977601744,0.9429323,0.08093391131967287,0.9639526
23,0.09836409035264428,0.94249636,0.08184220255670206,0.96157223
24,0.09821992579426018,0.94310707,0.07602155337606964,0.9687157
