epoch,loss,sparse_categorical_accuracy,val_loss,val_sparse_categorical_accuracy
0,0.3413712721937102,0.8861989,0.2012097794615192,0.90484935
1,0.18759411155783798,0.937097,0.1872594278874811,0.9515124
2,0.1785971888775612,0.94002634,0.17742946230238246,0.954008
3,0.1677235091451566,0.94130594,0.16779176823989023,0.95317745
4,0.1612913549713082,0.9422771,0.16964816628252144,0.95273006
5,0.1591554442655429,0.94280475,0.16835056254375902,0.952981
6,0.15754497713155785,0.9430749,0.170760300162067,0.9527398
7,0.156682389390412,0.9431107,0.1642548401040015,0.9537843
8,0.15638349913547384,0.943104,0.16614820486450546,0.95423555
9,0.1557233228712846,0.94328326,0.1673668103812306,0.95311517
10,0.15532478812102612,0.94341165,0.16464390578241386,0.9539399
11,0.15495500470026055,0.9435075,0.16226377002571632,0.95410526
12,0.15460585089780082,0.9435025,0.16354869294080737,0.9538757
13,0.15444292297065448,0.9434633,0.16197060340417557,0.95428807
14,0.15415286421639426,0.9436526,0.16257799930414624,0.95457596
15,0.15408558665533165,0.94365424,0.16478780889262376,0.954397
16,0.1541052122790632,0.9435984,0.1626127632982139,0.9541967
17,0.15401208329603788,0.9436692,0.1636988827383817,0.9535431
18,0.15393523632537104,0.94368255,0.1609498562945763,0.9548502
19,0.15380479056295482,0.9437201,0.16173538048733546,0.9541461
20,0.15369666680309754,0.94368505,0.1624732776999055,0.95467323
21,0.15354180612565999,0.9437668,0.15601509408242245,0.95522755
22,0.1533922300817325,0.94383764,0.1614267293600126,0.9548677
23,0.153339174644656,0.94388765,0.16170979218405052,0.95446706
24,0.1532162683108828,0.9438251,0.16356797076778373,0.9534867
25,0.1531813368992341,0.94387263,0.16362579553180703,0.9539749
26,0.153063457095627,0.94395435,0.1614150224766873,0.95442426
27,0.1530115861798455,0.9439026,0.16119486921591739,0.9547238
28,0.15320031269878784,0.9438101,0.1641354661104924,0.95427835
29,0.15312406275342275,0.9437743,0.16070608356272253,0.95451957
30,0.1529499511465854,0.9438651,0.16146579930565602,0.9546868
31,0.15287372150064313,0.9438601,0.16052446067347134,0.95456624
