epoch,loss,sparse_categorical_accuracy,val_loss,val_sparse_categorical_accuracy
0,0.24572217320242234,0.91332823,0.3456839470581656,0.8713166
1,0.14007744981223372,0.9496037,0.31977878286174755,0.8809084
2,0.1374145743747029,0.94984555,0.3162203456051998,0.8805548
3,0.13649139733241122,0.9497634,0.29994976416696867,0.87810683
4,0.13566675332252137,0.9498716,0.2919361709172187,0.8807048
5,0.13516406756300464,0.9499318,0.30006912153099635,0.8804988
6,0.13481876872249748,0.9499563,0.2922753491051962,0.88063693
7,0.13449378999093772,0.94996244,0.30152154079169674,0.88082266
8,0.1345922299636118,0.9498083,0.3276996127101725,0.8673482
9,0.13423688456015104,0.94991904,0.28009344563945915,0.88095844
10,0.13387986764984405,0.9498696,0.3126257669175538,0.8679304
11,0.13362326863118026,0.94980574,0.2918736440145072,0.88066673
12,0.1332981871588869,0.9498073,0.2931156117116201,0.88088936
13,0.13287819192872077,0.94983995,0.29590870182210416,0.87989396
14,0.13264523896883643,0.94987464,0.299055777070156,0.8804524
15,0.13250826961926065,0.9498507,0.2909449324728636,0.8798999
16,0.1328624860410579,0.9495389,0.3108812597021813,0.8634143
17,0.13252455191159684,0.9497139,0.2900434774276771,0.87980944
18,0.13240044984889432,0.94970983,0.3011361550018208,0.8799309
19,0.13234524049765412,0.94972,0.3073290752682478,0.8801559
