epoch,loss,sparse_categorical_accuracy,val_loss,val_sparse_categorical_accuracy
0,0.2837539699250823,0.90730286,0.39534692495440105,0.8589741
1,0.15634748708471935,0.94454116,0.36352457153053347,0.86202854
2,0.15229531705305643,0.9448527,0.3590892971342327,0.8630603
3,0.15096996799269288,0.94492346,0.35257795208447246,0.8634414
4,0.14941825961530952,0.945114,0.3525606060670011,0.86335814
5,0.14856160988371758,0.9451509,0.3475126743150132,0.86342585
6,0.1481224662963663,0.9451709,0.33591487985464424,0.86347246
7,0.14768572954530368,0.9451703,0.3399885601991447,0.863519
8,0.14768974672448748,0.94511825,0.3319699783205319,0.8636192
9,0.14740695303005805,0.94515455,0.33629562775851785,0.8637166
10,0.14717115144278325,0.94521564,0.34144296507722377,0.8636658
11,0.14694933439143112,0.94516784,0.33381783925724023,0.86359525
12,0.14665931854198572,0.9451957,0.3546779886130461,0.8637166
13,0.14643676758973198,0.94519085,0.3270133528901908,0.8635924
14,0.1460734916835655,0.9452253,0.33044062957435283,0.86370534
15,0.14590030679862925,0.94517875,0.3464565790382614,0.86367005
16,0.14594875333705404,0.9451588,0.3358492303512163,0.8636912
17,0.1456001196691722,0.94517815,0.3518476178221519,0.8636065
18,0.14539561777852084,0.94518054,0.3205558525729836,0.8637999
19,0.14496353313966748,0.94513094,0.3287923641502008,0.86368555
20,0.14476764729782948,0.94519085,0.3250170769102557,0.8636997
21,0.1444956162965835,0.94516546,0.3211763071330657,0.8633468
22,0.144443106080937,0.9451134,0.32099260481997344,0.8637279
23,0.144163264413971,0.94514304,0.3211212812918582,0.86356986
24,0.1440166873054369,0.94517934,0.3346342248943667,0.8636404
25,0.14390134628744206,0.9451854,0.34394966739108657,0.86377025
26,0.14382146230711607,0.9452495,0.33835238545477064,0.8640003
27,0.14357549529697347,0.9452078,0.3209493706465074,0.8637491
28,0.14415226527314629,0.9451642,0.32281390166229496,0.8639227
