epoch,loss,sparse_categorical_accuracy,val_loss,val_sparse_categorical_accuracy
0,0.13934197062933387,0.95412564,0.026022558447494848,0.99198115
1,0.051869488633434754,0.9822379,0.025205787854495558,0.99217117
2,0.05040084690238514,0.9823861,0.024848279452925007,0.99231327
3,0.049383756547614524,0.9824133,0.02312454747276204,0.9923615
4,0.04826457081433278,0.9824954,0.022974979331065043,0.99232477
5,0.04736976840818883,0.98260385,0.0225318015363174,0.9922499
6,0.04666442890275487,0.9827681,0.02210583527499346,0.9922568
7,0.046080876937937776,0.9829387,0.02152815223996933,0.99208057
8,0.045716637441277796,0.9829902,0.021131048168127352,0.99189585
9,0.04522364827220366,0.9830768,0.021604624533814048,0.9917616
10,0.04484723004349784,0.98314816,0.02098250537550326,0.9921718
11,0.04451264755909342,0.98324704,0.0213035456827617,0.99200153
12,0.04423813685126406,0.9833021,0.02055307148075786,0.99250525
13,0.044021758494763454,0.98340034,0.020841465915728583,0.9924911
14,0.043843897792065045,0.983411,0.020418233561979197,0.9925236
15,0.043689436396049754,0.98343986,0.020665475623508543,0.9923369
16,0.04378364575236719,0.98335826,0.020652556804963088,0.9922854
17,0.04365768847913362,0.98340255,0.020811362029056937,0.9921718
18,0.04355011508746001,0.9833888,0.020897560683625534,0.9922575
19,0.04345993936827578,0.98341495,0.02014186163614564,0.99252754
20,0.04336464306626415,0.98347205,0.020828374001794357,0.992288
