epoch,loss,sparse_categorical_accuracy,val_loss,val_sparse_categorical_accuracy
0,0.22341235436383272,0.9456766,0.14047383947530054,0.95542276
1,0.1073235113113691,0.9738529,0.13859749797145934,0.9550653
2,0.10531794409623049,0.97405386,0.13757173486740792,0.95502883
3,0.10451195805474917,0.9740592,0.14557333716517357,0.9542809
4,0.10367249287598188,0.97410023,0.14105075238291187,0.9535854
5,0.10292782476205611,0.9743456,0.152452064311057,0.95200074
6,0.10248105043995134,0.97456175,0.1279468258505021,0.9565213
7,0.10213391228095486,0.97470766,0.1322515114401395,0.9554603
8,0.10202097074304954,0.97486866,0.1368255909579361,0.9555992
9,0.10162977987874686,0.9751467,0.13910182448399802,0.9548285
10,0.1013168513333581,0.9753263,0.14130974528634666,0.9546657
11,0.10094570926122902,0.97538334,0.1369544710501733,0.9544574
12,0.10067422982202182,0.9754478,0.13755034665704413,0.9543447
13,0.10036956657525753,0.9754648,0.13389409031819816,0.95538515
14,0.10008670740042225,0.9754809,0.14773425882467597,0.95189375
15,0.09974066534042393,0.97548777,0.1380091634504035,0.9556948
16,0.09957926255689227,0.9754663,0.1204472023676939,0.9568867
17,0.09923503486517293,0.9755287,0.13118891713425404,0.95569026
18,0.09894193629142234,0.9755478,0.14728782176324282,0.95264846
19,0.0987696374619106,0.9755395,0.1295095663394835,0.9562481
20,0.09853906863233175,0.97556484,0.14129116406461265,0.95343053
21,0.09832645929623587,0.97557753,0.13008557794036094,0.9559487
22,0.09815330482149166,0.9756063,0.12230884234176884,0.9562868
23,0.09808009812211681,0.9756317,0.13318723975974606,0.953648
24,0.09797609542405322,0.97563463,0.12734287978757633,0.95586556
25,0.09783191133079498,0.9756551,0.13166354365077548,0.95421493
26,0.09777716401144966,0.9756688,0.12145211098092533,0.9568947
