epoch,loss,sparse_categorical_accuracy,val_loss,val_sparse_categorical_accuracy
0,0.1910977730342493,0.96000606,0.25008054198210977,0.9005285
1,0.035838601427196984,0.9909184,0.23375293476663828,0.90372354
2,0.034306014285761695,0.9910749,0.2524564940975991,0.87065804
3,0.03381006018158097,0.99108577,0.24537509980053238,0.8816661
4,0.033411576018060114,0.99111,0.2560590345536287,0.86428654
5,0.033086561425515935,0.9911588,0.2510176177057966,0.8749538
6,0.0329006540582705,0.99117506,0.2421087465227285,0.88151765
7,0.03277326086139657,0.9911624,0.26188883568030275,0.8578627
8,0.03271929899250958,0.9911801,0.25361978952680514,0.87252635
9,0.03263171478627075,0.9911953,0.2326469952645531,0.89386934
10,0.032538926948083656,0.9912235,0.24592748807832326,0.88112205
11,0.03243170044437526,0.99120724,0.23428472903138906,0.8900139
12,0.03235503740386532,0.9912275,0.2495215384110372,0.8780105
13,0.03226687961415268,0.9912372,0.2600527010853396,0.8612695
14,0.03219635325063265,0.99124914,0.24888213213940644,0.87585294
15,0.03212080419034583,0.9912582,0.2755165746736255,0.8572343
16,0.0321068504353503,0.9912282,0.2680802862782627,0.8662619
17,0.03205892500230662,0.9912405,0.25055374389436064,0.87981975
18,0.032006133479128895,0.9912123,0.25868210470043185,0.87095493
19,0.03195682987823001,0.99124485,0.27490151290432896,0.8538976
