epoch,loss,sparse_categorical_accuracy,val_loss,val_sparse_categorical_accuracy
0,0.30191233523862315,0.88170654,0.17842636943781767,0.88966084
1,0.11115405342447081,0.93870956,0.11174586815579159,0.9513904
2,0.10420425301472336,0.94048834,0.10176740189878003,0.9578369
3,0.10291627617065865,0.94004405,0.10181214176653097,0.9583031
4,0.10198824569833921,0.9406224,0.09888471101025792,0.9600389
5,0.10116628964539136,0.9420445,0.10639966694381651,0.9532387
6,0.10092148992756118,0.9421523,0.10749407195718028,0.9515356
7,0.10072104354089811,0.94262195,0.1082481002727364,0.9509038
8,0.10099001216329462,0.9417729,0.11334641495145838,0.9454387
9,0.10077741867352169,0.94172734,0.1032362538359689,0.9556554
10,0.1005271443100836,0.94208485,0.11232290950671527,0.9433287
11,0.10044650478701143,0.9423188,0.09941288101309823,0.95823973
12,0.10028049070334707,0.94259304,0.11119559355406534,0.946966
13,0.10024847404098364,0.9425799,0.09885659901785174,0.9591475
14,0.10013040237000659,0.94280595,0.09676628119635203,0.96025974
15,0.10006446516482498,0.94286555,0.10363061078865306,0.95459425
16,0.1003667101177667,0.9418745,0.09747407470901258,0.9600246
17,0.10009694014798536,0.94234943,0.11168729319136639,0.9451381
18,0.1000616758583117,0.9424073,0.09862528123874957,0.95810884
19,0.09992343312042311,0.94262457,0.09337666048722058,0.96227366
20,0.0998230988838352,0.94257903,0.11279057508607856,0.944858
21,0.09968105442273129,0.94302064,0.10218734454789097,0.9548805
22,0.09978374502947786,0.9426649,0.09909561409697253,0.956878
23,0.0996717294106531,0.9430031,0.09952263435643535,0.9565243
24,0.099677808954986,0.9426912,0.09703058722615508,0.95818245
25,0.09952439201200203,0.9429847,0.10586898413891208,0.9516562
26,0.0994820075430611,0.9431039,0.10629201442763697,0.95110416
27,0.09933045549647763,0.9434264,0.10812657049414336,0.94970566
28,0.09948427739608331,0.9427183,0.10676251788894436,0.95060325
29,0.09945317391718952,0.94253695,0.11276101967448007,0.9450502
