epoch,loss,sparse_categorical_accuracy,val_loss,val_sparse_categorical_accuracy
0,0.4616916286508298,0.841957,0.32621481477988185,0.9279953
1,0.2188967479871204,0.93133396,0.26761761405980555,0.93979096
2,0.19610593801055085,0.93402267,0.2835156132759765,0.9419803
3,0.18715028092093108,0.9352415,0.2937688666717775,0.9422685
4,0.18035240482452408,0.93649393,0.2770695862813549,0.9419929
5,0.17451134514112762,0.93810475,0.22620088477843805,0.94383144
6,0.16991897671958725,0.93924975,0.19874237893707966,0.94424486
7,0.16749307827146945,0.940082,0.19776577314623126,0.9408747
8,0.16634568355810236,0.94054914,0.1954192566476458,0.9431674
9,0.1648892235205326,0.9408028,0.1951502551736261,0.94311416
10,0.16373333449048585,0.941219,0.2007979146504523,0.9378929
11,0.1629158692639395,0.94136256,0.18932268278527867,0.94411016
12,0.1622702343438858,0.94147134,0.18741506174229183,0.94372493
13,0.16173141810621494,0.9415022,0.18676486179664736,0.9418707
14,0.16136943443537033,0.9416069,0.18822663898749672,0.94264436
15,0.16102378540683313,0.9415639,0.18496101879896304,0.9440319
16,0.160908503301745,0.9416418,0.1831417319716164,0.9436435
17,0.16056331165697454,0.9415733,0.19405525633980122,0.94079953
18,0.1603490619233081,0.94162834,0.19818367550872218,0.94052386
19,0.16022261488624684,0.9417559,0.19927445289073403,0.94187695
20,0.1599166652188125,0.9416324,0.20029125679813659,0.94354016
21,0.15981884775374147,0.94170356,0.2040418464851805,0.9434242
22,0.15954768083598933,0.94195724,0.21178988867650153,0.9436247
23,0.15948212219887872,0.941878,0.2047474380116675,0.9427383
24,0.15933905635524137,0.941874,0.20888150856574442,0.94306093
25,0.1591695759777589,0.9420042,0.2070017864536365,0.9419678
26,0.15902578531338807,0.94196934,0.2039677952081031,0.9417736
