epoch,loss,sparse_categorical_accuracy,val_loss,val_sparse_categorical_accuracy
0,0.13675542860592513,0.9578694,0.031110811288187715,0.9914846
1,0.04902510056492773,0.9839692,0.028227142915530797,0.9916251
2,0.04798768663371857,0.98403424,0.028685483020816232,0.9914919
3,0.04744281124157192,0.9840939,0.02651497362179068,0.9918185
4,0.046773368624422086,0.98416275,0.02774091166779072,0.9916831
5,0.04621481570323832,0.98421156,0.024511912352959766,0.9921717
6,0.04576542463263019,0.9842589,0.027517713239097786,0.99123406
7,0.04540768152054351,0.9842867,0.025748076531653997,0.99184895
8,0.04511620292091233,0.98425096,0.023697880617588474,0.9922103
9,0.0447944732509574,0.984278,0.02303621352282587,0.9922795
10,0.04452355275244292,0.9842952,0.02391378436021451,0.992228
11,0.04428329285170167,0.98432887,0.023668637537353876,0.9921416
12,0.044083534805582976,0.9843361,0.02297381518982041,0.99223226
13,0.04391684032112011,0.9843528,0.02291972012804476,0.9922245
14,0.04379588526535503,0.98432666,0.024349243621301572,0.99188334
15,0.04366172124139599,0.9843379,0.024236467213512577,0.99204147
16,0.04360301664276783,0.9843493,0.0236802827065194,0.9920952
17,0.043461972445635474,0.9843655,0.02211154359524293,0.99237835
18,0.04326249107659172,0.9843745,0.023928976060938988,0.9918773
19,0.04313993360350883,0.9844,0.022452856137566538,0.99210465
