epoch,loss,sparse_categorical_accuracy,val_loss,val_sparse_categorical_accuracy
0,0.134946104568648,0.9622512,0.04274206644450512,0.989097
1,0.027860494991808357,0.9916517,0.03958639245899823,0.9892608
2,0.027083872503972185,0.99175835,0.03877912230209848,0.9892169
3,0.026630753917911098,0.9917783,0.037703693176460364,0.98928845
4,0.026236319648343383,0.99183947,0.03697028220643055,0.9893501
5,0.025983730371616044,0.99188864,0.04013468909364693,0.9886386
6,0.025824097293292624,0.99190295,0.036659850205334674,0.98938787
7,0.025703089628844135,0.9919255,0.036859396155708046,0.989224
8,0.02563965181064143,0.9919027,0.03570203993882239,0.98931146
9,0.025510385054054018,0.9918931,0.03529174736062713,0.9892676
10,0.02540221211359021,0.9919123,0.03513732123062928,0.98930377
11,0.025256119480470605,0.9919364,0.036119642403677085,0.98914576
12,0.025154324978336005,0.9919341,0.036506274083687576,0.9891316
13,0.02503516995692331,0.99195004,0.034854458570990954,0.98910373
14,0.02493710266276935,0.99195135,0.03471707006941035,0.9892363
15,0.024835248180465334,0.9919632,0.03478270790970004,0.9892645
16,0.02478876038025467,0.9919477,0.03407777823373272,0.9892703
17,0.024703963771490343,0.9919712,0.035192477211218716,0.9892182
18,0.024648390914700953,0.991962,0.03446916756299027,0.9890448
19,0.024578851521944983,0.9919678,0.03468704097014461,0.989363
20,0.02453208493807378,0.9919611,0.03330089356021431,0.9893176
21,0.024467925356949874,0.9919645,0.03355958542237966,0.9893329
22,0.024402701377147135,0.9919778,0.03314771195655126,0.98936266
23,0.02437174820485726,0.99198395,0.03472753253562686,0.98940194
24,0.024319176418091296,0.9919791,0.03354848698272555,0.9893277
25,0.024250236780441567,0.99200433,0.03294713853153196,0.98942006
26,0.02419541190225613,0.99197435,0.033834908792569354,0.9893286
27,0.024132936147856072,0.99198925,0.033094290896698506,0.9895035
28,0.024108287577092626,0.99199176,0.032581126177053076,0.98935074
29,0.024039902609678247,0.9920246,0.0351809415071721,0.9889635
30,0.024017955689857172,0.9920078,0.03398569469584331,0.9893869
31,0.02395985725934322,0.9920092,0.03221084893309734,0.9894102
32,0.023918678809176842,0.9920187,0.035237252747417964,0.9892458
33,0.02386576824517045,0.9920477,0.03301860117665504,0.98937404
34,0.02383295534424698,0.9920186,0.03197394200943569,0.9895115
35,0.02378433667561858,0.992032,0.03188048790736416,0.98947436
36,0.023747803021479167,0.9920451,0.03149232712572097,0.9895891
37,0.02370582007458156,0.9920318,0.03275975063468376,0.9895483
38,0.023676564635168113,0.99204445,0.033213801794207215,0.9894081
39,0.023648605475574805,0.9920333,0.03157030574634938,0.989602
40,0.023602777240802526,0.9920442,0.031190005791294433,0.98971707
41,0.023558711405084625,0.9920316,0.03116438554548289,0.9896106
42,0.023540942171726822,0.99204093,0.03156748417578378,0.98959374
43,0.023500641636869487,0.9920403,0.030978113242859096,0.9897324
44,0.023465148302929402,0.99205816,0.033695027597504326,0.98932093
45,0.023449265324876154,0.992045,0.032917143479023754,0.9889227
