epoch,loss,sparse_categorical_accuracy,val_loss,val_sparse_categorical_accuracy
0,0.1407171444383107,0.9530791,0.030574675129896308,0.9944751
1,0.0461961357520945,0.983775,0.029566222007120745,0.99453974
2,0.04536122888912095,0.98390144,0.029587068416167633,0.9944119
3,0.04479962597153439,0.98387694,0.025167054372683056,0.99374884
4,0.0439115150717255,0.9839743,0.024268354580788472,0.99456036
5,0.043360922756639046,0.98404074,0.024307179518444102,0.99421334
6,0.04304876640625634,0.9840662,0.024326779445841402,0.99419415
7,0.042857491124483914,0.98407066,0.024163960357870932,0.9942756
8,0.04283755787512441,0.9840343,0.02243071681733571,0.9942002
9,0.04275141953715979,0.98405355,0.023054590559447263,0.9942527
10,0.0426463511349032,0.9840626,0.022938958669703077,0.9939469
11,0.04253910843308397,0.9840967,0.02358205277825607,0.99406445
12,0.042474689530031286,0.9841278,0.02399843435401288,0.9936481
13,0.042396918584504416,0.98410296,0.025138396357171376,0.9934847
14,0.042359951042397405,0.98416436,0.023021297011656332,0.99389166
15,0.042302499117741595,0.98416513,0.022426223076991193,0.994271
16,0.042393115237156,0.9841112,0.021930659384273885,0.99432296
17,0.042357907896609544,0.9841118,0.023569464229024954,0.9936538
18,0.04230145601313143,0.9841483,0.021993261378661286,0.9942082
