epoch,loss,sparse_categorical_accuracy,val_loss,val_sparse_categorical_accuracy
0,0.41892520713777187,0.84592164,0.27891837210434195,0.889301
1,0.21072206187747713,0.93122333,0.20877278540207886,0.92949694
2,0.19581000745621407,0.93575805,0.18362267968680068,0.94764405
3,0.18443295415997818,0.93789965,0.1839991660607411,0.9483361
4,0.1765623523817077,0.9387952,0.19015184905143434,0.94656223
5,0.17177749351241947,0.93952864,0.1822387407529909,0.94823533
6,0.1688553386221888,0.9401718,0.17507392822800924,0.94857806
7,0.1670280549001691,0.940716,0.17084415613902817,0.9495972
8,0.16598486957532652,0.94093394,0.168683243615384,0.9496173
9,0.1649376752248681,0.9411682,0.16568271306428614,0.9481659
10,0.16404451872626594,0.94141966,0.17179249459150533,0.94824433
11,0.1633064242681013,0.9416414,0.16598342835209245,0.9505155
12,0.1627366248417854,0.9418574,0.1719971510006059,0.94876397
13,0.16230545766574583,0.9419332,0.16984507238988283,0.94942915
14,0.1618670471282244,0.9421521,0.16856457044521542,0.94916713
15,0.16157742103696376,0.9423143,0.16875921380934517,0.9503408
16,0.16155260576224953,0.94222504,0.17042434949941743,0.9496666
17,0.16133559735731426,0.94237095,0.17263066200671368,0.95037216
18,0.1611052002447066,0.9423287,0.17945067234843995,0.9499914
19,0.1609447772481467,0.94236326,0.17008945505010492,0.9495053
