epoch,loss,sparse_categorical_accuracy,val_loss,val_sparse_categorical_accuracy
0,0.2252719635409799,0.947417,0.13384611576164476,0.95521516
1,0.10698832865127497,0.97346574,0.1368867093771251,0.95569205
2,0.10555051591251785,0.97362584,0.13270721379243025,0.9559987
3,0.10463620090993803,0.9738038,0.13241008835002185,0.95593184
4,0.10379576080704683,0.9740004,0.1277857005481589,0.95604736
5,0.10334296143632225,0.9741277,0.1302153074737401,0.9554818
6,0.10292514042310401,0.9741776,0.1295755962913327,0.9552004
7,0.10268507828136704,0.9742357,0.12318544999726005,0.9551344
8,0.10250133080157019,0.9742361,0.12964517067361309,0.95463747
9,0.10220215755067287,0.9742714,0.12702470427162255,0.9547009
10,0.10191810971442938,0.9743392,0.1250950604841063,0.95449066
11,0.10163931951022474,0.974363,0.13011075276873366,0.95435774
12,0.10144400790474002,0.9743809,0.1265368791775096,0.9541336
13,0.10125577127888846,0.974414,0.1218861514866632,0.95401543
14,0.10106913312406807,0.9744282,0.13253617273833065,0.95396423
15,0.10093371791260802,0.9744546,0.12309032906862727,0.953807
16,0.10093334037601169,0.9744189,0.12475677010732686,0.95387036
17,0.10071578460990031,0.97449964,0.1376191794396036,0.95396507
18,0.10051378717363192,0.9745328,0.12412150904220108,0.9541223
19,0.10034911964993042,0.9745514,0.12566611189169852,0.9543082
20,0.10023760095663707,0.9746069,0.12643467898562424,0.9543699
21,0.10011338238257456,0.97459495,0.11751357167001229,0.9545019
22,0.09998275427303735,0.9746091,0.11463911243141182,0.9548694
23,0.09976663584603916,0.97464263,0.1199125395070753,0.9550866
24,0.09965962628786297,0.9746627,0.11771347361507761,0.9551335
25,0.0995550265094124,0.97465676,0.1144630370452078,0.95547664
26,0.099511903813467,0.97467947,0.11567620590305358,0.955481
27,0.09941073460543992,0.9747055,0.11721557496233302,0.95587015
28,0.09942774760297933,0.97468466,0.11716706734104079,0.9559336
29,0.09934475642908261,0.97468024,0.11827279942789795,0.9562376
30,0.09928058369653832,0.9747227,0.1188858852605103,0.95525163
31,0.09917019527371636,0.9747193,0.11724458569610799,0.9557207
32,0.0990790978907929,0.974729,0.12009827465855151,0.95534635
