epoch,loss,sparse_categorical_accuracy,val_loss,val_sparse_categorical_accuracy
0,0.09610468849987643,0.96903557,0.021577804974306957,0.99379015
1,0.008055927571690234,0.99694383,0.02011604775427016,0.99388003
2,0.007954545431336245,0.9969604,0.02017326522125949,0.9939642
3,0.007894894954538245,0.9969814,0.020539719237117702,0.9938338
4,0.00785112005475222,0.9970046,0.020230310998128644,0.9940358
5,0.007813889826976944,0.99700123,0.0201571909865443,0.9930732
6,0.007778216195831164,0.99701643,0.019757225007382098,0.9941062
7,0.007766834446740406,0.9970166,0.019725511367017733,0.9941081
8,0.007746546175584814,0.9970225,0.019088069731993923,0.9941524
9,0.007713124110573784,0.99703515,0.019844011928220242,0.9931111
10,0.007693492057491765,0.99703383,0.01950525208104133,0.99414897
11,0.007667967304896043,0.99701923,0.019805522150749277,0.9930992
12,0.007657078673305515,0.99703366,0.019674454898129346,0.99393094
13,0.00763644060702536,0.99705136,0.01943464654346333,0.99418956
14,0.007632038274064794,0.99702895,0.019428744219559507,0.99416083
15,0.007624621597060403,0.9970309,0.019943558101644034,0.99312603
16,0.00761885466851271,0.997043,0.019026057307871613,0.9941746
17,0.0076116795787748515,0.99703825,0.01932900467511408,0.99410385
18,0.007600762996838247,0.99704075,0.019242259313290027,0.99417996
