epoch,loss,sparse_categorical_accuracy,val_loss,val_sparse_categorical_accuracy
0,0.3805575587883598,0.8607037,0.4741580334718043,0.77143824
1,0.1678773180609143,0.93798614,0.4008483468107281,0.8313267
2,0.15872611937639636,0.9383687,0.3631980426357118,0.85723007
3,0.15660571857219474,0.93846744,0.36725776678340255,0.8578756
4,0.15544491575730082,0.938556,0.37101296320544075,0.85803974
5,0.15472376342366842,0.9386343,0.3633436887587462,0.8579825
6,0.15423838823780459,0.9386983,0.3511347225590052,0.8580932
7,0.15398683904612512,0.93873227,0.3628533084072316,0.8581043
8,0.1538958417312764,0.938703,0.3373281192328819,0.8579457
9,0.15368736095391802,0.9387109,0.3388220225552069,0.85787743
10,0.1534892650195241,0.938703,0.3573424304485153,0.85724115
11,0.15326687691183719,0.9387125,0.3581014806247236,0.85788846
12,0.15318513206024972,0.93876785,0.33707003537640223,0.85784423
13,0.153065671030928,0.9387939,0.3365200125094056,0.85776675
14,0.15293360093570055,0.9387552,0.35627056426770226,0.8485415
15,0.1528380340781592,0.938767,0.3343328315006647,0.85667676
16,0.15289184667595193,0.9387465,0.34930743259398994,0.85801023
17,0.15263671287757963,0.93872434,0.3597337369714669,0.85779256
18,0.1527504120120053,0.9387338,0.36479177152869013,0.8509428
19,0.15258001752321365,0.9388002,0.35694420961804385,0.85703087
20,0.15252202131134543,0.93876153,0.33391831870278965,0.85724485
21,0.15238230559373375,0.93881685,0.3537381621883385,0.8564536
22,0.1523409751275926,0.938756,0.33437115022425856,0.85654396
23,0.1522768195741141,0.93888086,0.36684760646609305,0.8541224
24,0.1522048454639739,0.93885005,0.33599682331835584,0.856863
25,0.15215738606158657,0.9389354,0.3642459403629434,0.8536835
