epoch,loss,sparse_categorical_accuracy,val_loss,val_sparse_categorical_accuracy
0,0.09718518178931801,0.97288907,0.027317419294649772,0.99502414
1,0.042808198796499844,0.98531055,0.02657972195665052,0.99486554
2,0.04205530409977453,0.98539615,0.027412167675728343,0.9949074
3,0.04171271926258173,0.9854189,0.027233991185664278,0.9948659
4,0.04123531692394209,0.9854493,0.02535668463650137,0.99503833
5,0.04072200137351412,0.9854746,0.02366139088241208,0.9951267
6,0.04038219042523525,0.98553663,0.023781589849047838,0.9950762
7,0.04021134573867572,0.9855572,0.024199332426515386,0.99502707
8,0.040088940871081405,0.9855552,0.0230696113045252,0.9950103
9,0.03987850823778272,0.98557705,0.02373550227900789,0.9945748
10,0.0396911566218088,0.9855892,0.0230146916749187,0.99494845
11,0.0395636013021444,0.9856144,0.022431291667543873,0.99493426
12,0.03947845994628503,0.9856173,0.023732753682179024,0.9944395
13,0.0394134825758786,0.98564625,0.02316729321223522,0.9945723
14,0.039351246762904635,0.9856584,0.02331752288938273,0.99451804
15,0.03930506788447795,0.9856718,0.02279941284294528,0.99446094
16,0.03934555416364181,0.985662,0.022885376609201327,0.9945621
17,0.03928321612427569,0.9856692,0.023581196958185786,0.9943907
18,0.03923857738364529,0.98568416,0.02424408073524908,0.9941724
19,0.03918362095952731,0.9856829,0.02379034269569351,0.99431646
20,0.03915886308319799,0.9857027,0.0227971002743402,0.99450934
21,0.039111251705759555,0.9856882,0.022934188359005483,0.99453443
