epoch,loss,sparse_categorical_accuracy,val_loss,val_sparse_categorical_accuracy
0,0.12831096974933626,0.96624655,0.04479294729285692,0.9823484
1,0.027565271888899807,0.9913675,0.04136859649007397,0.98518896
2,0.02674160518237299,0.9915766,0.039824163629023426,0.9882553
3,0.026220165192430363,0.9916901,0.036978041225673754,0.9893688
4,0.025748680160158115,0.9917821,0.03563303665643665,0.9893765
5,0.025446411962867982,0.99185365,0.035614416760349564,0.98945135
6,0.025230029844338052,0.99192464,0.0357566007654648,0.9894569
7,0.025088442981749958,0.9919252,0.03608965584528787,0.9893529
8,0.024988084943365508,0.99194294,0.035728070604600905,0.98918164
9,0.024789410269436124,0.9919594,0.034258500840428176,0.9892059
10,0.024573326154253415,0.99200594,0.034806643075377224,0.9891786
11,0.024435974557423343,0.9920198,0.033073347460511805,0.98950046
12,0.024280303283368762,0.9920533,0.03284342716510288,0.98946273
13,0.024145534249579423,0.9920658,0.03345817247768325,0.98922276
14,0.024039284250834455,0.9920525,0.03408938462390274,0.9892946
15,0.023921392730789578,0.99207157,0.03233593564706725,0.98961675
16,0.023863160200445103,0.99202603,0.03327324357052969,0.98943967
17,0.023734508184412823,0.9919994,0.03283005689144845,0.98911387
18,0.023610475750998998,0.9919618,0.032377530494014775,0.9896333
19,0.023475049116562546,0.9919611,0.0324669323987847,0.98966336
20,0.023358755668249874,0.99196726,0.0319550648346611,0.98938787
21,0.02325663654481809,0.99202424,0.03203436628032977,0.98957103
22,0.02318905668015358,0.99203527,0.031640986793068336,0.9895692
23,0.023111755586865103,0.99207985,0.03164308273587212,0.98970175
24,0.023062244205484066,0.9920751,0.03051632703670366,0.98977166
25,0.023010406868692747,0.99210006,0.03213138392770924,0.9896892
26,0.022958505453041126,0.99211496,0.03162980337648,0.98967505
27,0.022943707097210875,0.9921247,0.031211604940241472,0.9897097
28,0.022945173629008324,0.992137,0.031503385968724984,0.9892188
29,0.022915788538992978,0.9921361,0.0307972806212391,0.9896575
30,0.022892192701339614,0.992144,0.030587529998506155,0.98966366
31,0.022874466352225974,0.9921314,0.0331088048615068,0.9886932
32,0.022854241296078135,0.9921552,0.03141517980387423,0.98962533
33,0.022820110530325448,0.9921783,0.03183276007456284,0.9895189
34,0.02280419347860004,0.9921574,0.03275231045780479,0.98961365
