epoch,loss,sparse_categorical_accuracy,val_loss,val_sparse_categorical_accuracy
0,0.166932376511184,0.9589697,0.009593057464473918,0.99896574
1,0.03804882085324782,0.990199,0.007586091798715619,0.9987116
2,0.03618954797107389,0.9903403,0.008404701635774154,0.9982832
3,0.035015705728393666,0.99037874,0.007291201232360587,0.9987441
4,0.034232048290756247,0.9903835,0.007396616305287678,0.998668
5,0.03381270640492527,0.9904122,0.007021811227007186,0.9988598
6,0.03354226293349716,0.99044675,0.007129958847802788,0.99872136
7,0.033426420406245,0.9904626,0.0067072300288554,0.9989502
8,0.033373661357441124,0.9904498,0.007398761805322707,0.9986199
9,0.033299602311228985,0.99045956,0.006622708969674052,0.99882925
10,0.033224937608598584,0.9904473,0.0063064216666233585,0.99891895
11,0.033104200321182754,0.9904871,0.005800505696315522,0.99899244
12,0.033036892172526894,0.9904746,0.005574545343366784,0.9990301
13,0.03299086363773563,0.99049604,0.005671785188164578,0.9990444
14,0.032949440274769315,0.9905172,0.005578018586734449,0.99903727
15,0.032877702294863156,0.9905083,0.00522180533747519,0.9990516
16,0.032852804600447684,0.99051774,0.0055418442035763855,0.9990379
17,0.032827155513814134,0.99048406,0.00488725640563067,0.99904245
18,0.0327652367412739,0.9905075,0.004855474480532235,0.9990444
19,0.03265392240024318,0.9905247,0.00476301541889847,0.9990113
20,0.03263199414135768,0.99050325,0.0050953585109622945,0.9990431
21,0.03259294725040017,0.990503,0.005202884641030367,0.99905026
22,0.03254929660732311,0.99052554,0.004685905523922795,0.9990269
23,0.03251390648337801,0.99051416,0.004750667249029572,0.99905026
24,0.03245473671206324,0.99051106,0.0048432869693084725,0.99905026
25,0.032434412940871946,0.99052083,0.004570997879495204,0.9990542
