epoch,loss,sparse_categorical_accuracy,val_loss,val_sparse_categorical_accuracy
0,0.2637027414989244,0.92112297,0.32598593505339896,0.8737485
1,0.1488958591693125,0.95075804,0.2948657203920115,0.88878924
2,0.14548003735357087,0.9509764,0.2908613922440373,0.88969487
3,0.14390248899360106,0.9509966,0.2982191508649579,0.8898627
4,0.14211636311667136,0.95106596,0.2727214298811594,0.88952845
5,0.14099402833034744,0.95103633,0.2667188279217338,0.8893591
6,0.1402327036774992,0.9510742,0.2701204072764255,0.8893518
7,0.1397926369993053,0.95109564,0.2677446705835911,0.88916916
8,0.139851868615318,0.9510395,0.2641375043936331,0.8888349
9,0.13936808765100353,0.9511083,0.26090662956649774,0.8882709
10,0.13893460401757496,0.9511196,0.27075500709316613,0.88184315
11,0.1386330468017403,0.9511076,0.2595566102130252,0.88794255
12,0.13817046711852587,0.95116824,0.26631694878750134,0.889178
13,0.13784998046530048,0.95118845,0.26952112479697277,0.88944745
14,0.13752057619020855,0.9511537,0.2628987503886519,0.8892163
15,0.13711500326837714,0.9511632,0.25774445078363173,0.888318
16,0.13752606647847604,0.9511632,0.2561577141191661,0.8877452
17,0.13700187363391694,0.9511809,0.26261067766322904,0.8875037
18,0.13666649873093403,0.951172,0.2608158475309066,0.8889851
19,0.1364351224768071,0.95122,0.2640200801402551,0.88828415
20,0.1360172681061902,0.95122313,0.2553870895655911,0.88800436
21,0.13584086017818853,0.9512193,0.25677185511703504,0.88829154
22,0.13545388522503243,0.95124143,0.2573831654715114,0.88793224
23,0.1353598323412073,0.9512225,0.25972783846983594,0.8880338
24,0.1351293935561529,0.9512585,0.26511478006652034,0.88790274
25,0.13497845911018247,0.9512648,0.2583183309769729,0.88806766
26,0.1348709287974807,0.9512509,0.26056745706721957,0.8879396
