epoch,loss,sparse_categorical_accuracy,val_loss,val_sparse_categorical_accuracy
0,0.13004446578720844,0.96270114,0.2612395219104776,0.90225637
1,0.03802668046411229,0.98991,0.24548985239052085,0.9015872
2,0.037218375006661066,0.9900204,0.24651976293447075,0.9016217
3,0.03673222070983345,0.99006873,0.24302703074645104,0.90170074
4,0.03632755591626398,0.99009967,0.25151250952512477,0.90164685
5,0.03610980689040903,0.9901171,0.2354635134557352,0.90133375
6,0.03588343871933336,0.9901697,0.23805735744632797,0.90153694
7,0.03574763871440699,0.9901539,0.24312883892278767,0.90128225
8,0.03574221624839244,0.9901171,0.23137580640188038,0.90157866
9,0.03562501977871588,0.9901553,0.2501921069711404,0.90172875
10,0.03551731843107505,0.9901688,0.24571835321647045,0.8965124
11,0.035361493418404055,0.9901767,0.23967702768673915,0.9013053
12,0.03527224073365455,0.9902001,0.24232732607339408,0.90063816
13,0.03519094202077134,0.9902057,0.25194527745480305,0.9016298
14,0.03513758690448446,0.9901999,0.24587626081862,0.90148705
15,0.03510292175314541,0.9902175,0.24771094160832896,0.8998392
16,0.03511752647437601,0.99019927,0.25023817605569226,0.90124935
17,0.03508072091569427,0.99020344,0.2419256052905769,0.8999005
18,0.03502686655576835,0.99021924,0.24288638459640177,0.9012814
